<?xml version="1.0" encoding="UTF-8"?>
<testng-results skipped="0" failed="0" ignored="0" total="1" passed="1">
  <reporter-output>
  </reporter-output>
  <suite name="Smoke Test" duration-ms="16266" started-at="2022-02-09T06:14:39 IST" finished-at="2022-02-09T06:14:55 IST">
    <groups>
    </groups>
    <test name="End to End Test" duration-ms="16266" started-at="2022-02-09T06:14:39 IST" finished-at="2022-02-09T06:14:55 IST">
      <class name="com.automation.tests.EndToEndTest">
        <test-method status="PASS" signature="setUp()[pri:0, instance:com.automation.tests.EndToEndTest@51081592]" name="setUp" is-config="true" duration-ms="10256" started-at="2022-02-09T06:14:39 IST" finished-at="2022-02-09T06:14:49 IST">
          <reporter-output>
          </reporter-output>
        </test-method> <!-- setUp -->
        <test-method status="PASS" signature="verifyUserCanPlaceOrder()[pri:0, instance:com.automation.tests.EndToEndTest@51081592]" name="verifyUserCanPlaceOrder" duration-ms="4656" started-at="2022-02-09T06:14:49 IST" finished-at="2022-02-09T06:14:54 IST">
          <reporter-output>
          </reporter-output>
        </test-method> <!-- verifyUserCanPlaceOrder -->
        <test-method status="PASS" signature="cleanUp()[pri:0, instance:com.automation.tests.EndToEndTest@51081592]" name="cleanUp" is-config="true" duration-ms="1295" started-at="2022-02-09T06:14:54 IST" finished-at="2022-02-09T06:14:55 IST">
          <reporter-output>
          </reporter-output>
        </test-method> <!-- cleanUp -->
      </class> <!-- com.automation.tests.EndToEndTest -->
    </test> <!-- End to End Test -->
  </suite> <!-- Smoke Test -->
</testng-results>
